
*** Running vivado
    with args -log tb_simulation.vdi -applog -m64 -product Vivado -messageDb vivado.pb -mode batch -source tb_simulation.tcl -notrace


****** Vivado v2018.1 (64-bit)
  **** SW Build 2188600 on Wed Apr  4 18:40:38 MDT 2018
  **** IP Build 2185939 on Wed Apr  4 20:55:05 MDT 2018
    ** Copyright 1986-2018 Xilinx, Inc. All Rights Reserved.

source tb_simulation.tcl -notrace
Command: open_checkpoint C:/Users/adity/Desktop/WATER/basic_algo64x64/basic_algo64x64.runs/impl_1/tb_simulation.dcp

Starting open_checkpoint Task

Time (s): cpu = 00:00:00 ; elapsed = 00:00:00.127 . Memory (MB): peak = 235.512 ; gain = 0.000
INFO: [Project 1-479] Netlist was created with Vivado 2018.1
INFO: [Device 21-403] Loading part xc7k70tfbv676-1
INFO: [Project 1-570] Preparing netlist for logic optimization
INFO: [Project 1-111] Unisim Transformation Summary:
No Unisim elements were transformed.

INFO: [Project 1-604] Checkpoint was created with Vivado v2018.1 (64-bit) build 2188600
open_checkpoint: Time (s): cpu = 00:00:13 ; elapsed = 00:00:18 . Memory (MB): peak = 551.781 ; gain = 321.551
Command: opt_design
Attempting to get a license for feature 'Implementation' and/or device 'xc7k70t'
INFO: [Common 17-349] Got license for feature 'Implementation' and/or device 'xc7k70t'
Running DRC as a precondition to command opt_design

Starting DRC Task
INFO: [DRC 23-27] Running DRC with 2 threads
INFO: [Project 1-461] DRC finished with 0 Errors
INFO: [Project 1-462] Please refer to the DRC report (report_drc) for more information.

Time (s): cpu = 00:00:00 ; elapsed = 00:00:00.277 . Memory (MB): peak = 554.500 ; gain = 1.004
INFO: [Timing 38-35] Done setting XDC timing constraints.

Starting Logic Optimization Task

Phase 1 Retarget
INFO: [Opt 31-138] Pushed 0 inverter(s) to 0 load pin(s).
INFO: [Opt 31-49] Retargeted 0 cell(s).
Phase 1 Retarget | Checksum: 7246a5e8

Time (s): cpu = 00:00:00 ; elapsed = 00:00:00.532 . Memory (MB): peak = 1045.555 ; gain = 0.000
INFO: [Opt 31-389] Phase Retarget created 0 cells and removed 0 cells

Phase 2 Constant propagation
INFO: [Opt 31-138] Pushed 0 inverter(s) to 0 load pin(s).
Phase 2 Constant propagation | Checksum: 7246a5e8

Time (s): cpu = 00:00:00 ; elapsed = 00:00:00.561 . Memory (MB): peak = 1045.555 ; gain = 0.000
INFO: [Opt 31-389] Phase Constant propagation created 0 cells and removed 0 cells

Phase 3 Sweep
Phase 3 Sweep | Checksum: 7246a5e8

Time (s): cpu = 00:00:00 ; elapsed = 00:00:00.685 . Memory (MB): peak = 1045.555 ; gain = 0.000
INFO: [Opt 31-389] Phase Sweep created 0 cells and removed 0 cells

Phase 4 BUFG optimization
Phase 4 BUFG optimization | Checksum: 7246a5e8

Time (s): cpu = 00:00:00 ; elapsed = 00:00:00.794 . Memory (MB): peak = 1045.555 ; gain = 0.000
INFO: [Opt 31-389] Phase BUFG optimization created 0 cells and removed 0 cells

Phase 5 Shift Register Optimization
Phase 5 Shift Register Optimization | Checksum: 7246a5e8

Time (s): cpu = 00:00:00 ; elapsed = 00:00:00.817 . Memory (MB): peak = 1045.555 ; gain = 0.000
INFO: [Opt 31-389] Phase Shift Register Optimization created 0 cells and removed 0 cells

Phase 6 Post Processing Netlist
Phase 6 Post Processing Netlist | Checksum: 7246a5e8

Time (s): cpu = 00:00:00 ; elapsed = 00:00:00.848 . Memory (MB): peak = 1045.555 ; gain = 0.000
INFO: [Opt 31-389] Phase Post Processing Netlist created 0 cells and removed 0 cells

Starting Connectivity Check Task

Time (s): cpu = 00:00:00 ; elapsed = 00:00:00.017 . Memory (MB): peak = 1045.555 ; gain = 0.000
Ending Logic Optimization Task | Checksum: 7246a5e8

Time (s): cpu = 00:00:00 ; elapsed = 00:00:00.912 . Memory (MB): peak = 1045.555 ; gain = 0.000

Starting Power Optimization Task
INFO: [Pwropt 34-132] Skipping clock gating for clocks with a period < 2.00 ns.
Ending Power Optimization Task | Checksum: 7246a5e8

Time (s): cpu = 00:00:01 ; elapsed = 00:00:00.313 . Memory (MB): peak = 1045.555 ; gain = 0.000
INFO: [Common 17-83] Releasing license: Implementation
21 Infos, 0 Warnings, 0 Critical Warnings and 0 Errors encountered.
opt_design completed successfully
opt_design: Time (s): cpu = 00:00:19 ; elapsed = 00:00:25 . Memory (MB): peak = 1045.555 ; gain = 493.773
INFO: [Timing 38-480] Writing timing data to binary archive.
INFO: [Common 17-1381] The checkpoint 'C:/Users/adity/Desktop/WATER/basic_algo64x64/basic_algo64x64.runs/impl_1/tb_simulation_opt.dcp' has been generated.
INFO: [runtcl-4] Executing : report_drc -file tb_simulation_drc_opted.rpt -pb tb_simulation_drc_opted.pb -rpx tb_simulation_drc_opted.rpx
Command: report_drc -file tb_simulation_drc_opted.rpt -pb tb_simulation_drc_opted.pb -rpx tb_simulation_drc_opted.rpx
INFO: [IP_Flow 19-234] Refreshing IP repositories
INFO: [IP_Flow 19-1704] No user IP repositories specified
INFO: [IP_Flow 19-2313] Loaded Vivado IP repository 'C:/Xilinx/Vivado/2018.1/data/ip'.
INFO: [DRC 23-27] Running DRC with 2 threads
INFO: [Coretcl 2-168] The results of DRC are in file C:/Users/adity/Desktop/WATER/basic_algo64x64/basic_algo64x64.runs/impl_1/tb_simulation_drc_opted.rpt.
report_drc completed successfully
report_drc: Time (s): cpu = 00:00:07 ; elapsed = 00:00:39 . Memory (MB): peak = 1089.934 ; gain = 37.461
Command: place_design
Attempting to get a license for feature 'Implementation' and/or device 'xc7k70t'
INFO: [Common 17-349] Got license for feature 'Implementation' and/or device 'xc7k70t'
INFO: [DRC 23-27] Running DRC with 2 threads
INFO: [Vivado_Tcl 4-198] DRC finished with 0 Errors
INFO: [Vivado_Tcl 4-199] Please refer to the DRC report (report_drc) for more information.
Running DRC as a precondition to command place_design
INFO: [DRC 23-27] Running DRC with 2 threads
INFO: [Vivado_Tcl 4-198] DRC finished with 0 Errors
INFO: [Vivado_Tcl 4-199] Please refer to the DRC report (report_drc) for more information.

Starting Placer Task
INFO: [Place 30-611] Multithreading enabled for place_design using a maximum of 2 CPUs

Phase 1 Placer Initialization

Phase 1.1 Placer Initialization Netlist Sorting
Netlist sorting complete. Time (s): cpu = 00:00:00 ; elapsed = 00:00:00.001 . Memory (MB): peak = 1089.934 ; gain = 0.000
Phase 1.1 Placer Initialization Netlist Sorting | Checksum: 00000000

Time (s): cpu = 00:00:00 ; elapsed = 00:00:00.563 . Memory (MB): peak = 1089.934 ; gain = 0.000
Phase 1 Placer Initialization | Checksum: 00000000

Time (s): cpu = 00:00:00 ; elapsed = 00:00:00.782 . Memory (MB): peak = 1089.934 ; gain = 0.000
ERROR: [Place 30-494] The design is empty
Resolution: Check if opt_design has removed all the leaf cells of your design.  Check whether you have instantiated and connected all of the top level ports.
Ending Placer Task | Checksum: 00000000

Time (s): cpu = 00:00:00 ; elapsed = 00:00:01 . Memory (MB): peak = 1089.934 ; gain = 0.000
INFO: [Common 17-83] Releasing license: Implementation
38 Infos, 0 Warnings, 0 Critical Warnings and 2 Errors encountered.
place_design failed
ERROR: [Common 17-69] Command failed: Placer could not place all instances
INFO: [Common 17-206] Exiting Vivado at Mon Dec 16 15:18:16 2019...
